<?xml version="1.0" encoding="UTF-8"?>
<!-- Generated by org.testng.reporters.JUnitReportReporter -->
<testsuite hostname="DESKTOP-J3JMFSH" failures="0" tests="1" name="Selenium.Testlogin" time="0.015" errors="0" timestamp="2024-04-22T23:46:15 IST" skipped="0">
  <testcase classname="Selenium.Testlogin" name="login" time="0.015"/>
</testsuite> <!-- Selenium.Testlogin -->
