<?xml version="1.0" encoding="UTF-8"?>
<!-- Generated by org.testng.reporters.JUnitReportReporter -->
<testsuite hostname="DESKTOP-J3JMFSH" failures="0" tests="2" name="Selenium.Logintest" time="11.726" errors="0" timestamp="2024-04-23T11:57:12 IST" skipped="0">
  <testcase classname="Selenium.Logintest" name="login" time="4.570"/>
  <testcase classname="Selenium.Logintest" name="buzz" time="7.156"/>
</testsuite> <!-- Selenium.Logintest -->
